

Processing UsersController#index (for 127.0.0.1 at 2008-10-25 02:31:56) [GET]
  Session ID: BAh7BzoMY3NyZl9pZCIlYWVmYWQxMDMzNDM2OTIzZmQzOGFlZTUyNzUzODJmYmMiCmZsYXNoSUM6J0FjdGlvbkNvbnRyb2xsZXI6OkZsYXNoOjpGbGFzaEhhc2h7AAY6CkB1c2VkewA=--9f40a88b9406312509515868ec7620e70b86c49c
  Parameters: {"action"=>"index", "controller"=>"users", "locale"=>"es-ES"}
Rendering template within layouts/application
Rendering users/index
Completed in 8ms (View: 3, DB: 3) | 200 OK [http://localhost/es-ES/usuarios]


Processing UsersController#index (for 127.0.0.1 at 2008-10-25 02:32:00) [GET]
  Session ID: BAh7ByIKZmxhc2hJQzonQWN0aW9uQ29udHJvbGxlcjo6Rmxhc2g6OkZsYXNoSGFzaHsABjoKQHVzZWR7ADoMY3NyZl9pZCIlYWVmYWQxMDMzNDM2OTIzZmQzOGFlZTUyNzUzODJmYmM=--1320ce1b6246688308a9320a8df6bd130bd72ce0
  Parameters: {"action"=>"index", "controller"=>"users", "locale"=>"en-US"}
Rendering template within layouts/application
Rendering users/index
Completed in 3ms (View: 2, DB: 0) | 200 OK [http://localhost/users]


Processing UsersController#new (for 127.0.0.1 at 2008-10-25 02:32:03) [GET]
  Session ID: BAh7ByIKZmxhc2hJQzonQWN0aW9uQ29udHJvbGxlcjo6Rmxhc2g6OkZsYXNoSGFzaHsABjoKQHVzZWR7ADoMY3NyZl9pZCIlYWVmYWQxMDMzNDM2OTIzZmQzOGFlZTUyNzUzODJmYmM=--1320ce1b6246688308a9320a8df6bd130bd72ce0
  Parameters: {"action"=>"new", "controller"=>"users", "locale"=>"en-US"}
Rendering template within layouts/application
Rendering users/new
Completed in 7ms (View: 5, DB: 0) | 200 OK [http://localhost/users/new]


Processing UsersController#create (for 127.0.0.1 at 2008-10-25 02:32:11) [POST]
  Session ID: BAh7ByIKZmxhc2hJQzonQWN0aW9uQ29udHJvbGxlcjo6Rmxhc2g6OkZsYXNoSGFzaHsABjoKQHVzZWR7ADoMY3NyZl9pZCIlYWVmYWQxMDMzNDM2OTIzZmQzOGFlZTUyNzUzODJmYmM=--1320ce1b6246688308a9320a8df6bd130bd72ce0
  Parameters: {"user"=>{"first_name"=>"Foo", "last_name"=>"Bar"}, "commit"=>"Create", "action"=>"create", "controller"=>"users", "locale"=>"en-US"}
Redirected to #<User:0x25d41a0>
Completed in 9ms (DB: 1) | 302 Found [http://localhost/users]


Processing UsersController#show (for 127.0.0.1 at 2008-10-25 02:32:11) [GET]
  Session ID: BAh7ByIKZmxhc2hJQzonQWN0aW9uQ29udHJvbGxlcjo6Rmxhc2g6OkZsYXNoSGFzaHsGOgtub3RpY2UiI1VzZXIgd2FzIHN1Y2Nlc3NmdWxseSBjcmVhdGVkLgY6CkB1c2VkewY7BkY6DGNzcmZfaWQiJWFlZmFkMTAzMzQzNjkyM2ZkMzhhZWU1Mjc1MzgyZmJj--f285d17f1d5abc96707ec6ed515b45d201c51c8d
  Parameters: {"action"=>"show", "id"=>"1", "controller"=>"users", "locale"=>"en-US"}
Rendering template within layouts/application
Rendering users/show
Completed in 3ms (View: 2, DB: 1) | 200 OK [http://localhost/users/1]


Processing UsersController#show (for 127.0.0.1 at 2008-10-25 02:32:16) [GET]
  Session ID: BAh7ByIKZmxhc2hJQzonQWN0aW9uQ29udHJvbGxlcjo6Rmxhc2g6OkZsYXNoSGFzaHsGOgtub3RpY2UiI1VzZXIgd2FzIHN1Y2Nlc3NmdWxseSBjcmVhdGVkLgY6CkB1c2VkewY7BlQ6DGNzcmZfaWQiJWFlZmFkMTAzMzQzNjkyM2ZkMzhhZWU1Mjc1MzgyZmJj--00b8ab2fcea6322ea6b25bf2320cb0375a1be843
  Parameters: {"action"=>"show", "id"=>"1", "controller"=>"users", "locale"=>"es-ES"}
Rendering template within layouts/application
Rendering users/show
Completed in 3ms (View: 2, DB: 0) | 200 OK [http://localhost/es-ES/usuarios/1]


Processing UsersController#index (for 127.0.0.1 at 2008-10-25 02:32:19) [GET]
  Session ID: BAh7ByIKZmxhc2hJQzonQWN0aW9uQ29udHJvbGxlcjo6Rmxhc2g6OkZsYXNoSGFzaHsABjoKQHVzZWR7ADoMY3NyZl9pZCIlYWVmYWQxMDMzNDM2OTIzZmQzOGFlZTUyNzUzODJmYmM=--1320ce1b6246688308a9320a8df6bd130bd72ce0
  Parameters: {"action"=>"index", "controller"=>"users", "locale"=>"es-ES"}
Rendering template within layouts/application
Rendering users/index
Completed in 4ms (View: 2, DB: 1) | 200 OK [http://localhost/es-ES/usuarios]


Processing UsersController#index (for 127.0.0.1 at 2008-10-25 02:32:25) [GET]
  Session ID: BAh7ByIKZmxhc2hJQzonQWN0aW9uQ29udHJvbGxlcjo6Rmxhc2g6OkZsYXNoSGFzaHsABjoKQHVzZWR7ADoMY3NyZl9pZCIlYWVmYWQxMDMzNDM2OTIzZmQzOGFlZTUyNzUzODJmYmM=--1320ce1b6246688308a9320a8df6bd130bd72ce0
  Parameters: {"action"=>"index", "controller"=>"users", "locale"=>"en-US"}
Rendering template within layouts/application
Rendering users/index
Completed in 4ms (View: 2, DB: 1) | 200 OK [http://localhost/users]


Processing UsersController#index (for 127.0.0.1 at 2008-10-25 02:43:32) [GET]
  Session ID: BAh7ByIKZmxhc2hJQzonQWN0aW9uQ29udHJvbGxlcjo6Rmxhc2g6OkZsYXNoSGFzaHsABjoKQHVzZWR7ADoMY3NyZl9pZCIlYWVmYWQxMDMzNDM2OTIzZmQzOGFlZTUyNzUzODJmYmM=--1320ce1b6246688308a9320a8df6bd130bd72ce0
  Parameters: {"action"=>"index", "controller"=>"users", "locale"=>"en-US"}
Rendering template within layouts/application
Rendering users/index
Completed in 11ms (View: 6, DB: 3) | 200 OK [http://localhost/users]


Processing UsersController#index (for 127.0.0.1 at 2008-10-25 02:43:36) [GET]
  Session ID: BAh7ByIKZmxhc2hJQzonQWN0aW9uQ29udHJvbGxlcjo6Rmxhc2g6OkZsYXNoSGFzaHsABjoKQHVzZWR7ADoMY3NyZl9pZCIlYWVmYWQxMDMzNDM2OTIzZmQzOGFlZTUyNzUzODJmYmM=--1320ce1b6246688308a9320a8df6bd130bd72ce0
  Parameters: {"action"=>"index", "controller"=>"users", "locale"=>"es-ES"}
Rendering template within layouts/application
Rendering users/index
Completed in 4ms (View: 2, DB: 1) | 200 OK [http://localhost/es-ES/usuarios]


Processing UsersController#show (for 127.0.0.1 at 2008-10-25 02:43:41) [GET]
  Session ID: BAh7ByIKZmxhc2hJQzonQWN0aW9uQ29udHJvbGxlcjo6Rmxhc2g6OkZsYXNoSGFzaHsABjoKQHVzZWR7ADoMY3NyZl9pZCIlYWVmYWQxMDMzNDM2OTIzZmQzOGFlZTUyNzUzODJmYmM=--1320ce1b6246688308a9320a8df6bd130bd72ce0
  Parameters: {"action"=>"show", "id"=>"1", "controller"=>"users", "locale"=>"es-ES"}
Rendering template within layouts/application
Rendering users/show
Completed in 4ms (View: 2, DB: 1) | 200 OK [http://localhost/es-ES/usuarios/1]


Processing UsersController#show (for 127.0.0.1 at 2008-10-25 02:43:51) [GET]
  Session ID: BAh7ByIKZmxhc2hJQzonQWN0aW9uQ29udHJvbGxlcjo6Rmxhc2g6OkZsYXNoSGFzaHsABjoKQHVzZWR7ADoMY3NyZl9pZCIlYWVmYWQxMDMzNDM2OTIzZmQzOGFlZTUyNzUzODJmYmM=--1320ce1b6246688308a9320a8df6bd130bd72ce0
  Parameters: {"action"=>"show", "id"=>"1", "controller"=>"users", "locale"=>"es-ES"}
Rendering template within layouts/application
Rendering users/show
Completed in 12ms (View: 4, DB: 0) | 200 OK [http://localhost/es-ES/usuarios/1]


Processing UsersController#index (for 127.0.0.1 at 2008-10-25 02:43:53) [GET]
  Session ID: BAh7ByIKZmxhc2hJQzonQWN0aW9uQ29udHJvbGxlcjo6Rmxhc2g6OkZsYXNoSGFzaHsABjoKQHVzZWR7ADoMY3NyZl9pZCIlYWVmYWQxMDMzNDM2OTIzZmQzOGFlZTUyNzUzODJmYmM=--1320ce1b6246688308a9320a8df6bd130bd72ce0
  Parameters: {"action"=>"index", "controller"=>"users", "locale"=>"es-ES"}
Rendering template within layouts/application
Rendering users/index
Completed in 7ms (View: 5, DB: 1) | 200 OK [http://localhost/es-ES/usuarios]


Processing UsersController#index (for 127.0.0.1 at 2008-10-25 02:43:56) [GET]
  Session ID: BAh7ByIKZmxhc2hJQzonQWN0aW9uQ29udHJvbGxlcjo6Rmxhc2g6OkZsYXNoSGFzaHsABjoKQHVzZWR7ADoMY3NyZl9pZCIlYWVmYWQxMDMzNDM2OTIzZmQzOGFlZTUyNzUzODJmYmM=--1320ce1b6246688308a9320a8df6bd130bd72ce0
  Parameters: {"action"=>"index", "controller"=>"users", "locale"=>"en-US"}
Rendering template within layouts/application
Rendering users/index
Completed in 3ms (View: 2, DB: 0) | 200 OK [http://localhost/users]


Processing UsersController#show (for 127.0.0.1 at 2008-10-25 02:43:59) [GET]
  Session ID: BAh7ByIKZmxhc2hJQzonQWN0aW9uQ29udHJvbGxlcjo6Rmxhc2g6OkZsYXNoSGFzaHsABjoKQHVzZWR7ADoMY3NyZl9pZCIlYWVmYWQxMDMzNDM2OTIzZmQzOGFlZTUyNzUzODJmYmM=--1320ce1b6246688308a9320a8df6bd130bd72ce0
  Parameters: {"action"=>"show", "id"=>"1", "controller"=>"users", "locale"=>"en-US"}
Rendering template within layouts/application
Rendering users/show
Completed in 3ms (View: 2, DB: 0) | 200 OK [http://localhost/users/1]


Processing UsersController#index (for 127.0.0.1 at 2008-10-25 02:44:01) [GET]
  Session ID: BAh7ByIKZmxhc2hJQzonQWN0aW9uQ29udHJvbGxlcjo6Rmxhc2g6OkZsYXNoSGFzaHsABjoKQHVzZWR7ADoMY3NyZl9pZCIlYWVmYWQxMDMzNDM2OTIzZmQzOGFlZTUyNzUzODJmYmM=--1320ce1b6246688308a9320a8df6bd130bd72ce0
  Parameters: {"action"=>"index", "controller"=>"users", "locale"=>"en-US"}
Rendering template within layouts/application
Rendering users/index
Completed in 7ms (View: 4, DB: 1) | 200 OK [http://localhost/users]


Processing UsersController#index (for 127.0.0.1 at 2008-10-25 02:44:08) [GET]
  Session ID: BAh7ByIKZmxhc2hJQzonQWN0aW9uQ29udHJvbGxlcjo6Rmxhc2g6OkZsYXNoSGFzaHsABjoKQHVzZWR7ADoMY3NyZl9pZCIlYWVmYWQxMDMzNDM2OTIzZmQzOGFlZTUyNzUzODJmYmM=--1320ce1b6246688308a9320a8df6bd130bd72ce0
  Parameters: {"action"=>"index", "controller"=>"users", "locale"=>"es-ES"}
Rendering template within layouts/application
Rendering users/index
Completed in 3ms (View: 2, DB: 0) | 200 OK [http://localhost/es-ES/usuarios]


Processing UsersController#index (for 127.0.0.1 at 2008-10-25 02:48:26) [GET]
  Session ID: BAh7ByIKZmxhc2hJQzonQWN0aW9uQ29udHJvbGxlcjo6Rmxhc2g6OkZsYXNoSGFzaHsABjoKQHVzZWR7ADoMY3NyZl9pZCIlYWVmYWQxMDMzNDM2OTIzZmQzOGFlZTUyNzUzODJmYmM=--1320ce1b6246688308a9320a8df6bd130bd72ce0
  Parameters: {"action"=>"index", "controller"=>"users", "locale"=>"es-ES"}
Rendering template within layouts/application
Rendering users/index
Completed in 12ms (View: 6, DB: 3) | 200 OK [http://localhost/es-ES/usuarios]


Processing UsersController#index (for 127.0.0.1 at 2008-10-25 02:48:32) [GET]
  Session ID: BAh7ByIKZmxhc2hJQzonQWN0aW9uQ29udHJvbGxlcjo6Rmxhc2g6OkZsYXNoSGFzaHsABjoKQHVzZWR7ADoMY3NyZl9pZCIlYWVmYWQxMDMzNDM2OTIzZmQzOGFlZTUyNzUzODJmYmM=--1320ce1b6246688308a9320a8df6bd130bd72ce0
  Parameters: {"action"=>"index", "controller"=>"users", "locale"=>"en-US"}
Rendering template within layouts/application
Rendering users/index
Completed in 3ms (View: 2, DB: 0) | 200 OK [http://localhost/users]


Processing UsersController#index (for 127.0.0.1 at 2008-10-25 08:27:26) [GET]
  Session ID: BAh7ByIKZmxhc2hJQzonQWN0aW9uQ29udHJvbGxlcjo6Rmxhc2g6OkZsYXNoSGFzaHsABjoKQHVzZWR7ADoMY3NyZl9pZCIlYWVmYWQxMDMzNDM2OTIzZmQzOGFlZTUyNzUzODJmYmM=--1320ce1b6246688308a9320a8df6bd130bd72ce0
  Parameters: {"action"=>"index", "controller"=>"users", "locale"=>"en-US"}
Rendering template within layouts/application
Rendering users/index
Completed in 15ms (View: 7, DB: 4) | 200 OK [http://localhost/users]


Processing UsersController#index (for 127.0.0.1 at 2008-10-25 08:27:33) [GET]
  Session ID: BAh7ByIKZmxhc2hJQzonQWN0aW9uQ29udHJvbGxlcjo6Rmxhc2g6OkZsYXNoSGFzaHsABjoKQHVzZWR7ADoMY3NyZl9pZCIlYWVmYWQxMDMzNDM2OTIzZmQzOGFlZTUyNzUzODJmYmM=--1320ce1b6246688308a9320a8df6bd130bd72ce0
  Parameters: {"action"=>"index", "controller"=>"users", "locale"=>"es-ES"}
Rendering template within layouts/application
Rendering users/index
Completed in 8ms (View: 7, DB: 0) | 200 OK [http://localhost/es-ES/usuarios]


Processing UsersController#index (for 127.0.0.1 at 2008-10-25 08:27:39) [GET]
  Session ID: BAh7ByIKZmxhc2hJQzonQWN0aW9uQ29udHJvbGxlcjo6Rmxhc2g6OkZsYXNoSGFzaHsABjoKQHVzZWR7ADoMY3NyZl9pZCIlYWVmYWQxMDMzNDM2OTIzZmQzOGFlZTUyNzUzODJmYmM=--1320ce1b6246688308a9320a8df6bd130bd72ce0
  Parameters: {"action"=>"index", "controller"=>"users", "locale"=>"es-ES"}
Rendering template within layouts/application
Rendering users/index
Completed in 6ms (View: 2, DB: 1) | 200 OK [http://localhost/es-ES/usuarios]


Processing UsersController#index (for 127.0.0.1 at 2008-10-25 08:27:39) [GET]
  Session ID: BAh7ByIKZmxhc2hJQzonQWN0aW9uQ29udHJvbGxlcjo6Rmxhc2g6OkZsYXNoSGFzaHsABjoKQHVzZWR7ADoMY3NyZl9pZCIlYWVmYWQxMDMzNDM2OTIzZmQzOGFlZTUyNzUzODJmYmM=--1320ce1b6246688308a9320a8df6bd130bd72ce0
  Parameters: {"action"=>"index", "controller"=>"users", "locale"=>"es-ES"}
Rendering template within layouts/application
Rendering users/index
Completed in 6ms (View: 4, DB: 0) | 200 OK [http://localhost/es-ES/usuarios]
